[0913/100409.880:ERROR:process_reader_win.cc(127)] NtOpenThread: {Access Denied} A process has requested access to an object, but has not been granted those access rights. (0xc0000022)
[0913/100409.865:ERROR:process_reader_win.cc(127)] NtOpenThread: {Access Denied} A process has requested access to an object, but has not been granted those access rights. (0xc0000022)
[0913/100409.896:ERROR:exception_snapshot_win.cc(100)] thread ID 1108 not found in process
[0913/100409.880:ERROR:exception_snapshot_win.cc(100)] thread ID 20572 not found in process
[0913/100409.896:ERROR:exception_snapshot_win.cc(100)] thread ID 22468 not found in process
[0913/100410.226:ERROR:minidumpwritedump_with_crashpad_info.cc(452)] Failed to call MiniDumpWriteDump: Access is denied. (0x80070005)
[0913/100410.226:ERROR:minidumpwritedump_with_crashpad_info.cc(661)] Failed to write minidump file
[0913/100410.226:ERROR:crash_report_exception_handler.cc(132)] TryMiniDumpWriteDumpWithCrashpadInfo failed
[0913/100410.226:ERROR:process_memory_win.cc(73)] ReadMemory at 0x7ff73ca10000 of 64 bytes failed: Only part of a ReadProcessMemory or WriteProcessMemory request was completed. (0x12B)
[0913/100410.226:WARNING:pe_image_reader.cc(340)] could not read dos header from C:\Program Files (x86)\Microsoft\Edge\Application\msedge.exe
[0913/100410.226:ERROR:process_memory_win.cc(73)] ReadMemory at 0x7ffb56780000 of 64 bytes failed: Only part of a ReadProcessMemory or WriteProcessMemory request was completed. (0x12B)
[0913/100410.226:WARNING:pe_image_reader.cc(340)] could not read dos header from C:\WINDOWS\SYSTEM32\ntdll.dll
[0913/100410.226:ERROR:process_memory_win.cc(73)] ReadMemory at 0x7ffb55330000 of 64 bytes failed: Only part of a ReadProcessMemory or WriteProcessMemory request was completed. (0x12B)
[0913/100410.226:WARNING:pe_image_reader.cc(340)] could not read dos header from C:\WINDOWS\System32\KERNEL32.DLL
[0913/100410.226:ERROR:process_memory_win.cc(73)] ReadMemory at 0x7ffb53fe0000 of 64 bytes failed: Only part of a ReadProcessMemory or WriteProcessMemory request was completed. (0x12B)
[0913/100410.226:WARNING:pe_image_reader.cc(340)] could not read dos header from C:\WINDOWS\System32\KERNELBASE.dll
[0913/100410.226:ERROR:process_memory_win.cc(73)] ReadMemory at 0x7ffb2b8e0000 of 64 bytes failed: Only part of a ReadProcessMemory or WriteProcessMemory request was completed. (0x12B)
[0913/100410.226:WARNING:pe_image_reader.cc(340)] could not read dos header from C:\Program Files (x86)\Microsoft\Edge\Application\85.0.564.51\msedge_elf.dll
[0913/100410.226:ERROR:process_memory_win.cc(73)] ReadMemory at 0x7ffb54760000 of 64 bytes failed: Only part of a ReadProcessMemory or WriteProcessMemory request was completed. (0x12B)
[0913/100410.226:WARNING:pe_image_reader.cc(340)] could not read dos header from C:\WINDOWS\System32\bcryptPrimitives.dll
[0913/100410.226:ERROR:process_memory_win.cc(73)] ReadMemory at 0x7ffb55a70000 of 64 bytes failed: Only part of a ReadProcessMemory or WriteProcessMemory request was completed. (0x12B)
[0913/100410.226:WARNING:pe_image_reader.cc(340)] could not read dos header from C:\WINDOWS\System32\ADVAPI32.dll
[0913/100410.226:ERROR:process_memory_win.cc(73)] ReadMemory at 0x7ffb55e70000 of 64 bytes failed: Only part of a ReadProcessMemory or WriteProcessMemory request was completed. (0x12B)
[0913/100410.226:WARNING:pe_image_reader.cc(340)] could not read dos header from C:\WINDOWS\System32\msvcrt.dll
[0913/100410.226:ERROR:process_memory_win.cc(73)] ReadMemory at 0x7ffb55f10000 of 64 bytes failed: Only part of a ReadProcessMemory or WriteProcessMemory request was completed. (0x12B)
[0913/100410.226:WARNING:pe_image_reader.cc(340)] could not read dos header from C:\WINDOWS\System32\sechost.dll
[0913/100410.226:ERROR:process_memory_win.cc(73)] ReadMemory at 0x7ffb548f0000 of 64 bytes failed: Only part of a ReadProcessMemory or WriteProcessMemory request was completed. (0x12B)
[0913/100410.226:WARNING:pe_image_reader.cc(340)] could not read dos header from C:\WINDOWS\System32\RPCRT4.dll
[0913/100410.226:ERROR:process_memory_win.cc(73)] ReadMemory at 0x7ffb55fb0000 of 64 bytes failed: Only part of a ReadProcessMemory or WriteProcessMemory request was completed. (0x12B)
[0913/100410.226:WARNING:pe_image_reader.cc(340)] could not read dos header from C:\WINDOWS\System32\WS2_32.dll
[0913/100410.226:ERROR:process_memory_win.cc(73)] ReadMemory at 0x7ffb55770000 of 64 bytes failed: Only part of a ReadProcessMemory or WriteProcessMemory request was completed. (0x12B)
[0913/100410.226:WARNING:pe_image_reader.cc(340)] could not read dos header from C:\WINDOWS\System32\OLEAUT32.dll
[0913/100410.226:ERROR:process_memory_win.cc(73)] ReadMemory at 0x7ffb53e90000 of 64 bytes failed: Only part of a ReadProcessMemory or WriteProcessMemory request was completed. (0x12B)
[0913/100410.226:WARNING:pe_image_reader.cc(340)] could not read dos header from C:\WINDOWS\System32\msvcp_win.dll
[0913/100410.226:ERROR:process_memory_win.cc(73)] ReadMemory at 0x7ffb54290000 of 64 bytes failed: Only part of a ReadProcessMemory or WriteProcessMemory request was completed. (0x12B)
[0913/100410.226:WARNING:pe_image_reader.cc(340)] could not read dos header from C:\WINDOWS\System32\ucrtbase.dll
[0913/100410.226:ERROR:process_memory_win.cc(73)] ReadMemory at 0x7ffb55b30000 of 64 bytes failed: Only part of a ReadProcessMemory or WriteProcessMemory request was completed. (0x12B)
[0913/100410.226:WARNING:pe_image_reader.cc(340)] could not read dos header from C:\WINDOWS\System32\combase.dll
[0913/100410.226:ERROR:process_memory_win.cc(73)] ReadMemory at 0x7ffb53f30000 of 64 bytes failed: Only part of a ReadProcessMemory or WriteProcessMemory request was completed. (0x12B)
[0913/100410.226:WARNING:pe_image_reader.cc(340)] could not read dos header from C:\WINDOWS\System32\WINTRUST.dll
[0913/100410.226:ERROR:process_memory_win.cc(73)] ReadMemory at 0x7ffb536d0000 of 64 bytes failed: Only part of a ReadProcessMemory or WriteProcessMemory request was completed. (0x12B)
[0913/100410.226:WARNING:pe_image_reader.cc(340)] could not read dos header from C:\WINDOWS\System32\MSASN1.dll
[0913/100410.226:ERROR:process_memory_win.cc(73)] ReadMemory at 0x7ffb543c0000 of 64 bytes failed: Only part of a ReadProcessMemory or WriteProcessMemory request was completed. (0x12B)
[0913/100410.226:WARNING:pe_image_reader.cc(340)] could not read dos header from C:\WINDOWS\System32\CRYPT32.dll
[0913/100410.226:ERROR:process_memory_win.cc(73)] ReadMemory at 0x7ffb52b40000 of 64 bytes failed: Only part of a ReadProcessMemory or WriteProcessMemory request was completed. (0x12B)
[0913/100410.226:WARNING:pe_image_reader.cc(340)] could not read dos header from C:\WINDOWS\SYSTEM32\IPHLPAPI.DLL
[0913/100410.226:ERROR:process_memory_win.cc(73)] ReadMemory at 0x7ffb509b0000 of 64 bytes failed: Only part of a ReadProcessMemory or WriteProcessMemory request was completed. (0x12B)
[0913/100410.226:WARNING:pe_image_reader.cc(340)] could not read dos header from C:\WINDOWS\SYSTEM32\WINMM.dll
[0913/100410.226:ERROR:process_memory_win.cc(73)] ReadMemory at 0x7ffb2cb60000 of 64 bytes failed: Only part of a ReadProcessMemory or WriteProcessMemory request was completed. (0x12B)
[0913/100410.226:WARNING:pe_image_reader.cc(340)] could not read dos header from C:\WINDOWS\SYSTEM32\UIAutomationCore.DLL
[0913/100410.226:ERROR:process_memory_win.cc(73)] ReadMemory at 0x7ffb3d290000 of 64 bytes failed: Only part of a ReadProcessMemory or WriteProcessMemory request was completed. (0x12B)
[0913/100410.226:WARNING:pe_image_reader.cc(340)] could not read dos header from C:\WINDOWS\SYSTEM32\Secur32.dll
[0913/100410.226:ERROR:process_memory_win.cc(73)] ReadMemory at 0x7ffb53560000 of 64 bytes failed: Only part of a ReadProcessMemory or WriteProcessMemory request was completed. (0x12B)
[0913/100410.226:WARNING:pe_image_reader.cc(340)] could not read dos header from C:\WINDOWS\SYSTEM32\USERENV.dll
[0913/100410.226:ERROR:process_memory_win.cc(73)] ReadMemory at 0x7ffb536a0000 of 64 bytes failed: Only part of a ReadProcessMemory or WriteProcessMemory request was completed. (0x12B)
[0913/100410.226:WARNING:pe_image_reader.cc(340)] could not read dos header from C:\WINDOWS\System32\profapi.dll
[0913/100410.226:ERROR:process_memory_win.cc(73)] ReadMemory at 0x7ffb4aef0000 of 64 bytes failed: Only part of a ReadProcessMemory or WriteProcessMemory request was completed. (0x12B)
[0913/100410.226:WARNING:pe_image_reader.cc(340)] could not read dos header from C:\WINDOWS\SYSTEM32\WINHTTP.dll
[0913/100410.226:ERROR:process_memory_win.cc(73)] ReadMemory at 0x7ffb34650000 of 64 bytes failed: Only part of a ReadProcessMemory or WriteProcessMemory request was completed. (0x12B)
[0913/100410.226:WARNING:pe_image_reader.cc(340)] could not read dos header from C:\WINDOWS\SYSTEM32\DWrite.dll
[0913/100410.226:ERROR:process_memory_win.cc(73)] ReadMemory at 0x7ffb3fd40000 of 64 bytes failed: Only part of a ReadProcessMemory or WriteProcessMemory request was completed. (0x12B)
[0913/100410.226:WARNING:pe_image_reader.cc(340)] could not read dos header from C:\WINDOWS\SYSTEM32\WINSPOOL.DRV
[0913/100410.226:ERROR:process_memory_win.cc(73)] ReadMemory at 0x7ffb536f0000 of 64 bytes failed: Only part of a ReadProcessMemory or WriteProcessMemory request was completed. (0x12B)
[0913/100410.226:WARNING:pe_image_reader.cc(340)] could not read dos header from C:\WINDOWS\System32\kernel.appcore.dll
[0913/100410.226:ERROR:process_memory_win.cc(73)] ReadMemory at 0x7ffb53f90000 of 64 bytes failed: Only part of a ReadProcessMemory or WriteProcessMemory request was completed. (0x12B)
[0913/100410.226:WARNING:pe_image_reader.cc(340)] could not read dos header from C:\WINDOWS\System32\bcrypt.dll
[0913/100410.226:ERROR:process_memory_win.cc(73)] ReadMemory at 0x7ffb51f50000 of 64 bytes failed: Only part of a ReadProcessMemory or WriteProcessMemory request was completed. (0x12B)
[0913/100410.226:WARNING:pe_image_reader.cc(340)] could not read dos header from C:\WINDOWS\SYSTEM32\dbghelp.dll
[0913/100410.226:ERROR:process_memory_win.cc(73)] ReadMemory at 0x7ffb53100000 of 64 bytes failed: Only part of a ReadProcessMemory or WriteProcessMemory request was completed. (0x12B)
[0913/100410.226:WARNING:pe_image_reader.cc(340)] could not read dos header from C:\WINDOWS\SYSTEM32\ncrypt.dll
[0913/100410.226:ERROR:process_memory_win.cc(73)] ReadMemory at 0x7ffb4a4e0000 of 64 bytes failed: Only part of a ReadProcessMemory or WriteProcessMemory request was completed. (0x12B)
[0913/100410.226:WARNING:pe_image_reader.cc(340)] could not read dos header from C:\WINDOWS\SYSTEM32\dhcpcsvc.DLL
[0913/100410.226:ERROR:process_memory_win.cc(73)] ReadMemory at 0x7ffb55b20000 of 64 bytes failed: Only part of a ReadProcessMemory or WriteProcessMemory request was completed. (0x12B)
[0913/100410.226:WARNING:pe_image_reader.cc(340)] could not read dos header from C:\WINDOWS\System32\NSI.dll
[0913/100410.226:ERROR:process_memory_win.cc(73)] ReadMemory at 0x7ffb50520000 of 64 bytes failed: Only part of a ReadProcessMemory or WriteProcessMemory request was completed. (0x12B)
[0913/100410.226:WARNING:pe_image_reader.cc(340)] could not read dos header from C:\WINDOWS\SYSTEM32\WINMMBASE.dll
[0913/100410.226:ERROR:process_memory_win.cc(73)] ReadMemory at 0x7ffb547e0000 of 64 bytes failed: Only part of a ReadProcessMemory or WriteProcessMemory request was completed. (0x12B)
[0913/100410.226:WARNING:pe_image_reader.cc(340)] could not read dos header from C:\WINDOWS\System32\cfgmgr32.dll
[0913/100410.226:ERROR:process_memory_win.cc(73)] ReadMemory at 0x7ffb50d70000 of 64 bytes failed: Only part of a ReadProcessMemory or WriteProcessMemory request was completed. (0x12B)
[0913/100410.226:WARNING:pe_image_reader.cc(340)] could not read dos header from C:\WINDOWS\SYSTEM32\PROPSYS.dll
[0913/100410.226:ERROR:process_memory_win.cc(73)] ReadMemory at 0x7ffb56490000 of 64 bytes failed: Only part of a ReadProcessMemory or WriteProcessMemory request was completed. (0x12B)
[0913/100410.226:WARNING:pe_image_reader.cc(340)] could not read dos header from C:\WINDOWS\System32\shcore.dll
[0913/100410.226:ERROR:process_memory_win.cc(73)] ReadMemory at 0x7ffb530c0000 of 64 bytes failed: Only part of a ReadProcessMemory or WriteProcessMemory request was completed. (0x12B)
[0913/100410.226:WARNING:pe_image_reader.cc(340)] could not read dos header from C:\WINDOWS\SYSTEM32\NTASN1.dll
[0913/100410.226:ERROR:process_memory_win.cc(73)] ReadMemory at 0x7ffb53520000 of 64 bytes failed: Only part of a ReadProcessMemory or WriteProcessMemory request was completed. (0x12B)
[0913/100410.226:WARNING:pe_image_reader.cc(340)] could not read dos header from C:\WINDOWS\SYSTEM32\SSPICLI.DLL
[0913/100410.226:ERROR:process_memory_win.cc(73)] ReadMemory at 0x7ffb53000000 of 64 bytes failed: Only part of a ReadProcessMemory or WriteProcessMemory request was completed. (0x12B)
[0913/100410.226:WARNING:pe_image_reader.cc(340)] could not read dos header from C:\WINDOWS\SYSTEM32\CRYPTBASE.DLL
[0913/100410.226:ERROR:process_memory_win.cc(73)] ReadMemory at 0x7ffb552a0000 of 64 bytes failed: Only part of a ReadProcessMemory or WriteProcessMemory request was completed. (0x12B)
[0913/100410.226:WARNING:pe_image_reader.cc(340)] could not read dos header from C:\WINDOWS\System32\GDI32.dll
[0913/100410.226:ERROR:process_memory_win.cc(73)] ReadMemory at 0x7ffb54390000 of 64 bytes failed: Only part of a ReadProcessMemory or WriteProcessMemory request was completed. (0x12B)
[0913/100410.226:WARNING:pe_image_reader.cc(340)] could not read dos header from C:\WINDOWS\System32\win32u.dll
[0913/100410.226:ERROR:process_memory_win.cc(73)] ReadMemory at 0x7ffb54510000 of 64 bytes failed: Only part of a ReadProcessMemory or WriteProcessMemory request was completed. (0x12B)
[0913/100410.226:WARNING:pe_image_reader.cc(340)] could not read dos header from C:\WINDOWS\System32\gdi32full.dll
[0913/100410.226:ERROR:process_memory_win.cc(73)] ReadMemory at 0x2f549500000 of 64 bytes failed: Only part of a ReadProcessMemory or WriteProcessMemory request was completed. (0x12B)
[0913/100410.226:WARNING:pe_image_reader.cc(340)] could not read dos header from C:\WINDOWS\System32\USER32.dll
[0913/100410.226:ERROR:process_memory_win.cc(73)] ReadMemory at 0x7ffb548b0000 of 64 bytes failed: Only part of a ReadProcessMemory or WriteProcessMemory request was completed. (0x12B)
[0913/100410.226:WARNING:pe_image_reader.cc(340)] could not read dos header from C:\WINDOWS\System32\IMM32.DLL
[0913/100410.226:ERROR:process_memory_win.cc(73)] ReadMemory at 0x7ffafeb50000 of 64 bytes failed: Only part of a ReadProcessMemory or WriteProcessMemory request was completed. (0x12B)
[0913/100410.226:WARNING:pe_image_reader.cc(340)] could not read dos header from C:\Program Files (x86)\Microsoft\Edge\Application\85.0.564.51\mip_core.dll
[0913/100410.226:ERROR:process_memory_win.cc(73)] ReadMemory at 0x7ffb25e60000 of 64 bytes failed: Only part of a ReadProcessMemory or WriteProcessMemory request was completed. (0x12B)
[0913/100410.226:WARNING:pe_image_reader.cc(340)] could not read dos header from C:\WINDOWS\SYSTEM32\MSVCP140.dll
[0913/100410.226:ERROR:process_memory_win.cc(73)] ReadMemory at 0x7ffb2e390000 of 64 bytes failed: Only part of a ReadProcessMemory or WriteProcessMemory request was completed. (0x12B)
[0913/100410.226:WARNING:pe_image_reader.cc(340)] could not read dos header from C:\WINDOWS\SYSTEM32\CONCRT140.dll
[0913/100410.226:ERROR:process_memory_win.cc(73)] ReadMemory at 0x7ffb40de0000 of 64 bytes failed: Only part of a ReadProcessMemory or WriteProcessMemory request was completed. (0x12B)
[0913/100410.226:WARNING:pe_image_reader.cc(340)] could not read dos header from C:\WINDOWS\SYSTEM32\VCRUNTIME140.dll
[0913/100410.226:ERROR:process_memory_win.cc(73)] ReadMemory at 0x7ffafdbf0000 of 64 bytes failed: Only part of a ReadProcessMemory or WriteProcessMemory request was completed. (0x12B)
[0913/100410.226:WARNING:pe_image_reader.cc(340)] could not read dos header from C:\Program Files (x86)\Microsoft\Edge\Application\85.0.564.51\mip_protection_sdk.dll
[0913/100410.226:ERROR:process_memory_win.cc(73)] ReadMemory at 0x7ff73ca10000 of 64 bytes failed: Only part of a ReadProcessMemory or WriteProcessMemory request was completed. (0x12B)
[0913/100410.226:WARNING:pe_image_reader.cc(340)] could not read dos header from C:\Program Files (x86)\Microsoft\Edge\Application\msedge.exe
[0913/100410.226:ERROR:process_memory_win.cc(73)] ReadMemory at 0x7ff73ca10000 of 64 bytes failed: Only part of a ReadProcessMemory or WriteProcessMemory request was completed. (0x12B)
[0913/100410.226:WARNING:pe_image_reader.cc(340)] could not read dos header from C:\Program Files (x86)\Microsoft\Edge\Application\msedge.exe
[0913/100410.226:ERROR:process_memory_win.cc(73)] ReadMemory at 0x7ffb56780000 of 64 bytes failed: Only part of a ReadProcessMemory or WriteProcessMemory request was completed. (0x12B)
[0913/100410.226:WARNING:pe_image_reader.cc(340)] could not read dos header from C:\WINDOWS\SYSTEM32\ntdll.dll
[0913/100410.226:ERROR:process_memory_win.cc(73)] ReadMemory at 0x7ffb56780000 of 64 bytes failed: Only part of a ReadProcessMemory or WriteProcessMemory request was completed. (0x12B)
[0913/100410.226:WARNING:pe_image_reader.cc(340)] could not read dos header from C:\WINDOWS\SYSTEM32\ntdll.dll
[0913/100410.226:ERROR:process_memory_win.cc(73)] ReadMemory at 0x7ffb55330000 of 64 bytes failed: Only part of a ReadProcessMemory or WriteProcessMemory request was completed. (0x12B)
[0913/100410.226:WARNING:pe_image_reader.cc(340)] could not read dos header from C:\WINDOWS\System32\KERNEL32.DLL
[0913/100410.226:ERROR:process_memory_win.cc(73)] ReadMemory at 0x7ffb55330000 of 64 bytes failed: Only part of a ReadProcessMemory or WriteProcessMemory request was completed. (0x12B)
[0913/100410.226:WARNING:pe_image_reader.cc(340)] could not read dos header from C:\WINDOWS\System32\KERNEL32.DLL
[0913/100410.226:ERROR:process_memory_win.cc(73)] ReadMemory at 0x7ffb53fe0000 of 64 bytes failed: Only part of a ReadProcessMemory or WriteProcessMemory request was completed. (0x12B)
[0913/100410.226:WARNING:pe_image_reader.cc(340)] could not read dos header from C:\WINDOWS\System32\KERNELBASE.dll
[0913/100410.226:ERROR:process_memory_win.cc(73)] ReadMemory at 0x7ffb53fe0000 of 64 bytes failed: Only part of a ReadProcessMemory or WriteProcessMemory request was completed. (0x12B)
[0913/100410.226:WARNING:pe_image_reader.cc(340)] could not read dos header from C:\WINDOWS\System32\KERNELBASE.dll
[0913/100410.226:ERROR:process_memory_win.cc(73)] ReadMemory at 0x7ffb2b8e0000 of 64 bytes failed: Only part of a ReadProcessMemory or WriteProcessMemory request was completed. (0x12B)
[0913/100410.226:WARNING:pe_image_reader.cc(340)] could not read dos header from C:\Program Files (x86)\Microsoft\Edge\Application\85.0.564.51\msedge_elf.dll
[0913/100410.226:ERROR:process_memory_win.cc(73)] ReadMemory at 0x7ffb2b8e0000 of 64 bytes failed: Only part of a ReadProcessMemory or WriteProcessMemory request was completed. (0x12B)
[0913/100410.226:WARNING:pe_image_reader.cc(340)] could not read dos header from C:\Program Files (x86)\Microsoft\Edge\Application\85.0.564.51\msedge_elf.dll
[0913/100410.226:ERROR:process_memory_win.cc(73)] ReadMemory at 0x7ffb54760000 of 64 bytes failed: Only part of a ReadProcessMemory or WriteProcessMemory request was completed. (0x12B)
[0913/100410.226:WARNING:pe_image_reader.cc(340)] could not read dos header from C:\WINDOWS\System32\bcryptPrimitives.dll
[0913/100410.226:ERROR:process_memory_win.cc(73)] ReadMemory at 0x7ffb54760000 of 64 bytes failed: Only part of a ReadProcessMemory or WriteProcessMemory request was completed. (0x12B)
[0913/100410.226:WARNING:pe_image_reader.cc(340)] could not read dos header from C:\WINDOWS\System32\bcryptPrimitives.dll
[0913/100410.226:ERROR:process_memory_win.cc(73)] ReadMemory at 0x7ffb55a70000 of 64 bytes failed: Only part of a ReadProcessMemory or WriteProcessMemory request was completed. (0x12B)
[0913/100410.226:WARNING:pe_image_reader.cc(340)] could not read dos header from C:\WINDOWS\System32\ADVAPI32.dll
[0913/100410.226:ERROR:process_memory_win.cc(73)] ReadMemory at 0x7ffb55a70000 of 64 bytes failed: Only part of a ReadProcessMemory or WriteProcessMemory request was completed. (0x12B)
[0913/100410.226:WARNING:pe_image_reader.cc(340)] could not read dos header from C:\WINDOWS\System32\ADVAPI32.dll
[0913/100410.226:ERROR:process_memory_win.cc(73)] ReadMemory at 0x7ffb55e70000 of 64 bytes failed: Only part of a ReadProcessMemory or WriteProcessMemory request was completed. (0x12B)
[0913/100410.226:WARNING:pe_image_reader.cc(340)] could not read dos header from C:\WINDOWS\System32\msvcrt.dll
[0913/100410.226:ERROR:process_memory_win.cc(73)] ReadMemory at 0x7ffb55e70000 of 64 bytes failed: Only part of a ReadProcessMemory or WriteProcessMemory request was completed. (0x12B)
[0913/100410.226:WARNING:pe_image_reader.cc(340)] could not read dos header from C:\WINDOWS\System32\msvcrt.dll
[0913/100410.226:ERROR:process_memory_win.cc(73)] ReadMemory at 0x7ffb55f10000 of 64 bytes failed: Only part of a ReadProcessMemory or WriteProcessMemory request was completed. (0x12B)
[0913/100410.226:WARNING:pe_image_reader.cc(340)] could not read dos header from C:\WINDOWS\System32\sechost.dll
[0913/100410.226:ERROR:process_memory_win.cc(73)] ReadMemory at 0x7ffb55f10000 of 64 bytes failed: Only part of a ReadProcessMemory or WriteProcessMemory request was completed. (0x12B)
[0913/100410.226:WARNING:pe_image_reader.cc(340)] could not read dos header from C:\WINDOWS\System32\sechost.dll
[0913/100410.226:ERROR:process_memory_win.cc(73)] ReadMemory at 0x7ffb548f0000 of 64 bytes failed: Only part of a ReadProcessMemory or WriteProcessMemory request was completed. (0x12B)
[0913/100410.226:WARNING:pe_image_reader.cc(340)] could not read dos header from C:\WINDOWS\System32\RPCRT4.dll
[0913/100410.226:ERROR:process_memory_win.cc(73)] ReadMemory at 0x7ffb548f0000 of 64 bytes failed: Only part of a ReadProcessMemory or WriteProcessMemory request was completed. (0x12B)
[0913/100410.226:WARNING:pe_image_reader.cc(340)] could not read dos header from C:\WINDOWS\System32\RPCRT4.dll
[0913/100410.226:ERROR:process_memory_win.cc(73)] ReadMemory at 0x7ffae6cf0000 of 64 bytes failed: Only part of a ReadProcessMemory or WriteProcessMemory request was completed. (0x12B)
[0913/100410.226:WARNING:pe_image_reader.cc(340)] could not read dos header from C:\Program Files (x86)\Microsoft\Edge\Application\85.0.564.51\msedge.dll
[0913/100410.226:ERROR:process_memory_win.cc(73)] ReadMemory at 0x7ffae6cf0000 of 64 bytes failed: Only part of a ReadProcessMemory or WriteProcessMemory request was completed. (0x12B)
[0913/100410.226:WARNING:pe_image_reader.cc(340)] could not read dos header from C:\Program Files (x86)\Microsoft\Edge\Application\85.0.564.51\msedge.dll
[0913/100410.226:ERROR:process_memory_win.cc(73)] ReadMemory at 0x7ffb55fb0000 of 64 bytes failed: Only part of a ReadProcessMemory or WriteProcessMemory request was completed. (0x12B)
[0913/100410.226:WARNING:pe_image_reader.cc(340)] could not read dos header from C:\WINDOWS\System32\WS2_32.dll
[0913/100410.226:ERROR:process_memory_win.cc(73)] ReadMemory at 0x7ffb55fb0000 of 64 bytes failed: Only part of a ReadProcessMemory or WriteProcessMemory request was completed. (0x12B)
[0913/100410.226:WARNING:pe_image_reader.cc(340)] could not read dos header from C:\WINDOWS\System32\WS2_32.dll
[0913/100410.226:ERROR:process_memory_win.cc(73)] ReadMemory at 0x7ffb55770000 of 64 bytes failed: Only part of a ReadProcessMemory or WriteProcessMemory request was completed. (0x12B)
[0913/100410.226:WARNING:pe_image_reader.cc(340)] could not read dos header from C:\WINDOWS\System32\OLEAUT32.dll
[0913/100410.226:ERROR:process_memory_win.cc(73)] ReadMemory at 0x7ffb55770000 of 64 bytes failed: Only part of a ReadProcessMemory or WriteProcessMemory request was completed. (0x12B)
[0913/100410.226:WARNING:pe_image_reader.cc(340)] could not read dos header from C:\WINDOWS\System32\OLEAUT32.dll
[0913/100410.226:ERROR:process_memory_win.cc(73)] ReadMemory at 0x7ffb53e90000 of 64 bytes failed: Only part of a ReadProcessMemory or WriteProcessMemory request was completed. (0x12B)
[0913/100410.226:WARNING:pe_image_reader.cc(340)] could not read dos header from C:\WINDOWS\System32\msvcp_win.dll
[0913/100410.226:ERROR:process_memory_win.cc(73)] ReadMemory at 0x7ffb53e90000 of 64 bytes failed: Only part of a ReadProcessMemory or WriteProcessMemory request was completed. (0x12B)
[0913/100410.226:WARNING:pe_image_reader.cc(340)] could not read dos header from C:\WINDOWS\System32\msvcp_win.dll
[0913/100410.226:ERROR:process_memory_win.cc(73)] ReadMemory at 0x7ffb54290000 of 64 bytes failed: Only part of a ReadProcessMemory or WriteProcessMemory request was completed. (0x12B)
[0913/100410.226:WARNING:pe_image_reader.cc(340)] could not read dos header from C:\WINDOWS\System32\ucrtbase.dll
[0913/100410.226:ERROR:process_memory_win.cc(73)] ReadMemory at 0x7ffb54290000 of 64 bytes failed: Only part of a ReadProcessMemory or WriteProcessMemory request was completed. (0x12B)
[0913/100410.226:WARNING:pe_image_reader.cc(340)] could not read dos header from C:\WINDOWS\System32\ucrtbase.dll
[0913/100410.226:ERROR:process_memory_win.cc(73)] ReadMemory at 0x7ffb55b30000 of 64 bytes failed: Only part of a ReadProcessMemory or WriteProcessMemory request was completed. (0x12B)
[0913/100410.226:WARNING:pe_image_reader.cc(340)] could not read dos header from C:\WINDOWS\System32\combase.dll
[0913/100410.226:ERROR:process_memory_win.cc(73)] ReadMemory at 0x7ffb55b30000 of 64 bytes failed: Only part of a ReadProcessMemory or WriteProcessMemory request was completed. (0x12B)
[0913/100410.226:WARNING:pe_image_reader.cc(340)] could not read dos header from C:\WINDOWS\System32\combase.dll
[0913/100410.226:ERROR:process_memory_win.cc(73)] ReadMemory at 0x7ffb53f30000 of 64 bytes failed: Only part of a ReadProcessMemory or WriteProcessMemory request was completed. (0x12B)
[0913/100410.226:WARNING:pe_image_reader.cc(340)] could not read dos header from C:\WINDOWS\System32\WINTRUST.dll
[0913/100410.226:ERROR:process_memory_win.cc(73)] ReadMemory at 0x7ffb53f30000 of 64 bytes failed: Only part of a ReadProcessMemory or WriteProcessMemory request was completed. (0x12B)
[0913/100410.226:WARNING:pe_image_reader.cc(340)] could not read dos header from C:\WINDOWS\System32\WINTRUST.dll
[0913/100410.226:ERROR:process_memory_win.cc(73)] ReadMemory at 0x7ffb536d0000 of 64 bytes failed: Only part of a ReadProcessMemory or WriteProcessMemory request was completed. (0x12B)
[0913/100410.226:WARNING:pe_image_reader.cc(340)] could not read dos header from C:\WINDOWS\System32\MSASN1.dll
[0913/100410.226:ERROR:process_memory_win.cc(73)] ReadMemory at 0x7ffb536d0000 of 64 bytes failed: Only part of a ReadProcessMemory or WriteProcessMemory request was completed. (0x12B)
[0913/100410.226:WARNING:pe_image_reader.cc(340)] could not read dos header from C:\WINDOWS\System32\MSASN1.dll
[0913/100410.226:ERROR:process_memory_win.cc(73)] ReadMemory at 0x7ffb543c0000 of 64 bytes failed: Only part of a ReadProcessMemory or WriteProcessMemory request was completed. (0x12B)
[0913/100410.226:WARNING:pe_image_reader.cc(340)] could not read dos header from C:\WINDOWS\System32\CRYPT32.dll
[0913/100410.226:ERROR:process_memory_win.cc(73)] ReadMemory at 0x7ffb543c0000 of 64 bytes failed: Only part of a ReadProcessMemory or WriteProcessMemory request was completed. (0x12B)
[0913/100410.226:WARNING:pe_image_reader.cc(340)] could not read dos header from C:\WINDOWS\System32\CRYPT32.dll
[0913/100410.226:ERROR:process_memory_win.cc(73)] ReadMemory at 0x7ffb52b40000 of 64 bytes failed: Only part of a ReadProcessMemory or WriteProcessMemory request was completed. (0x12B)
[0913/100410.226:WARNING:pe_image_reader.cc(340)] could not read dos header from C:\WINDOWS\SYSTEM32\IPHLPAPI.DLL
[0913/100410.226:ERROR:process_memory_win.cc(73)] ReadMemory at 0x7ffb52b40000 of 64 bytes failed: Only part of a ReadProcessMemory or WriteProcessMemory request was completed. (0x12B)
[0913/100410.226:WARNING:pe_image_reader.cc(340)] could not read dos header from C:\WINDOWS\SYSTEM32\IPHLPAPI.DLL
[0913/100410.226:ERROR:process_memory_win.cc(73)] ReadMemory at 0x7ffb509b0000 of 64 bytes failed: Only part of a ReadProcessMemory or WriteProcessMemory request was completed. (0x12B)
[0913/100410.226:WARNING:pe_image_reader.cc(340)] could not read dos header from C:\WINDOWS\SYSTEM32\WINMM.dll
[0913/100410.226:ERROR:process_memory_win.cc(73)] ReadMemory at 0x7ffb509b0000 of 64 bytes failed: Only part of a ReadProcessMemory or WriteProcessMemory request was completed. (0x12B)
[0913/100410.226:WARNING:pe_image_reader.cc(340)] could not read dos header from C:\WINDOWS\SYSTEM32\WINMM.dll
[0913/100410.226:ERROR:process_memory_win.cc(73)] ReadMemory at 0x7ffb2cb60000 of 64 bytes failed: Only part of a ReadProcessMemory or WriteProcessMemory request was completed. (0x12B)
[0913/100410.226:WARNING:pe_image_reader.cc(340)] could not read dos header from C:\WINDOWS\SYSTEM32\UIAutomationCore.DLL
[0913/100410.226:ERROR:process_memory_win.cc(73)] ReadMemory at 0x7ffb2cb60000 of 64 bytes failed: Only part of a ReadProcessMemory or WriteProcessMemory request was completed. (0x12B)
[0913/100410.226:WARNING:pe_image_reader.cc(340)] could not read dos header from C:\WINDOWS\SYSTEM32\UIAutomationCore.DLL
[0913/100410.226:ERROR:process_memory_win.cc(73)] ReadMemory at 0x7ffb3d290000 of 64 bytes failed: Only part of a ReadProcessMemory or WriteProcessMemory request was completed. (0x12B)
[0913/100410.226:WARNING:pe_image_reader.cc(340)] could not read dos header from C:\WINDOWS\SYSTEM32\Secur32.dll
[0913/100410.226:ERROR:process_memory_win.cc(73)] ReadMemory at 0x7ffb3d290000 of 64 bytes failed: Only part of a ReadProcessMemory or WriteProcessMemory request was completed. (0x12B)
[0913/100410.226:WARNING:pe_image_reader.cc(340)] could not read dos header from C:\WINDOWS\SYSTEM32\Secur32.dll
[0913/100410.226:ERROR:process_memory_win.cc(73)] ReadMemory at 0x7ffb53560000 of 64 bytes failed: Only part of a ReadProcessMemory or WriteProcessMemory request was completed. (0x12B)
[0913/100410.226:WARNING:pe_image_reader.cc(340)] could not read dos header from C:\WINDOWS\SYSTEM32\USERENV.dll
[0913/100410.226:ERROR:process_memory_win.cc(73)] ReadMemory at 0x7ffb53560000 of 64 bytes failed: Only part of a ReadProcessMemory or WriteProcessMemory request was completed. (0x12B)
[0913/100410.226:WARNING:pe_image_reader.cc(340)] could not read dos header from C:\WINDOWS\SYSTEM32\USERENV.dll
[0913/100410.226:ERROR:process_memory_win.cc(73)] ReadMemory at 0x7ffb536a0000 of 64 bytes failed: Only part of a ReadProcessMemory or WriteProcessMemory request was completed. (0x12B)
[0913/100410.226:WARNING:pe_image_reader.cc(340)] could not read dos header from C:\WINDOWS\System32\profapi.dll
[0913/100410.226:ERROR:process_memory_win.cc(73)] ReadMemory at 0x7ffb536a0000 of 64 bytes failed: Only part of a ReadProcessMemory or WriteProcessMemory request was completed. (0x12B)
[0913/100410.226:WARNING:pe_image_reader.cc(340)] could not read dos header from C:\WINDOWS\System32\profapi.dll
[0913/100410.226:ERROR:process_memory_win.cc(73)] ReadMemory at 0x7ffb4aef0000 of 64 bytes failed: Only part of a ReadProcessMemory or WriteProcessMemory request was completed. (0x12B)
[0913/100410.226:WARNING:pe_image_reader.cc(340)] could not read dos header from C:\WINDOWS\SYSTEM32\WINHTTP.dll
[0913/100410.226:ERROR:process_memory_win.cc(73)] ReadMemory at 0x7ffb4aef0000 of 64 bytes failed: Only part of a ReadProcessMemory or WriteProcessMemory request was completed. (0x12B)
[0913/100410.226:WARNING:pe_image_reader.cc(340)] could not read dos header from C:\WINDOWS\SYSTEM32\WINHTTP.dll
[0913/100410.226:ERROR:process_memory_win.cc(73)] ReadMemory at 0x7ffb34650000 of 64 bytes failed: Only part of a ReadProcessMemory or WriteProcessMemory request was completed. (0x12B)
[0913/100410.226:WARNING:pe_image_reader.cc(340)] could not read dos header from C:\WINDOWS\SYSTEM32\DWrite.dll
[0913/100410.226:ERROR:process_memory_win.cc(73)] ReadMemory at 0x7ffb34650000 of 64 bytes failed: Only part of a ReadProcessMemory or WriteProcessMemory request was completed. (0x12B)
[0913/100410.226:WARNING:pe_image_reader.cc(340)] could not read dos header from C:\WINDOWS\SYSTEM32\DWrite.dll
[0913/100410.226:ERROR:process_memory_win.cc(73)] ReadMemory at 0x7ffb3fd40000 of 64 bytes failed: Only part of a ReadProcessMemory or WriteProcessMemory request was completed. (0x12B)
[0913/100410.226:WARNING:pe_image_reader.cc(340)] could not read dos header from C:\WINDOWS\SYSTEM32\WINSPOOL.DRV
[0913/100410.226:ERROR:process_memory_win.cc(73)] ReadMemory at 0x7ffb3fd40000 of 64 bytes failed: Only part of a ReadProcessMemory or WriteProcessMemory request was completed. (0x12B)
[0913/100410.226:WARNING:pe_image_reader.cc(340)] could not read dos header from C:\WINDOWS\SYSTEM32\WINSPOOL.DRV
[0913/100410.226:ERROR:process_memory_win.cc(73)] ReadMemory at 0x7ffb536f0000 of 64 bytes failed: Only part of a ReadProcessMemory or WriteProcessMemory request was completed. (0x12B)
[0913/100410.226:WARNING:pe_image_reader.cc(340)] could not read dos header from C:\WINDOWS\System32\kernel.appcore.dll
[0913/100410.226:ERROR:process_memory_win.cc(73)] ReadMemory at 0x7ffb536f0000 of 64 bytes failed: Only part of a ReadProcessMemory or WriteProcessMemory request was completed. (0x12B)
[0913/100410.226:WARNING:pe_image_reader.cc(340)] could not read dos header from C:\WINDOWS\System32\kernel.appcore.dll
[0913/100410.226:ERROR:process_memory_win.cc(73)] ReadMemory at 0x7ffb53f90000 of 64 bytes failed: Only part of a ReadProcessMemory or WriteProcessMemory request was completed. (0x12B)
[0913/100410.226:WARNING:pe_image_reader.cc(340)] could not read dos header from C:\WINDOWS\System32\bcrypt.dll
[0913/100410.226:ERROR:process_memory_win.cc(73)] ReadMemory at 0x7ffb53f90000 of 64 bytes failed: Only part of a ReadProcessMemory or WriteProcessMemory request was completed. (0x12B)
[0913/100410.226:WARNING:pe_image_reader.cc(340)] could not read dos header from C:\WINDOWS\System32\bcrypt.dll
[0913/100410.226:ERROR:process_memory_win.cc(73)] ReadMemory at 0x7ffb51f50000 of 64 bytes failed: Only part of a ReadProcessMemory or WriteProcessMemory request was completed. (0x12B)
[0913/100410.226:WARNING:pe_image_reader.cc(340)] could not read dos header from C:\WINDOWS\SYSTEM32\dbghelp.dll
[0913/100410.226:ERROR:process_memory_win.cc(73)] ReadMemory at 0x7ffb51f50000 of 64 bytes failed: Only part of a ReadProcessMemory or WriteProcessMemory request was completed. (0x12B)
[0913/100410.226:WARNING:pe_image_reader.cc(340)] could not read dos header from C:\WINDOWS\SYSTEM32\dbghelp.dll
[0913/100410.226:ERROR:process_memory_win.cc(73)] ReadMemory at 0x7ffb53100000 of 64 bytes failed: Only part of a ReadProcessMemory or WriteProcessMemory request was completed. (0x12B)
[0913/100410.226:WARNING:pe_image_reader.cc(340)] could not read dos header from C:\WINDOWS\SYSTEM32\ncrypt.dll
[0913/100410.226:ERROR:process_memory_win.cc(73)] ReadMemory at 0x7ffb53100000 of 64 bytes failed: Only part of a ReadProcessMemory or WriteProcessMemory request was completed. (0x12B)
[0913/100410.226:WARNING:pe_image_reader.cc(340)] could not read dos header from C:\WINDOWS\SYSTEM32\ncrypt.dll
[0913/100410.226:ERROR:process_memory_win.cc(73)] ReadMemory at 0x7ffb4a4e0000 of 64 bytes failed: Only part of a ReadProcessMemory or WriteProcessMemory request was completed. (0x12B)
[0913/100410.226:WARNING:pe_image_reader.cc(340)] could not read dos header from C:\WINDOWS\SYSTEM32\dhcpcsvc.DLL
[0913/100410.226:ERROR:process_memory_win.cc(73)] ReadMemory at 0x7ffb4a4e0000 of 64 bytes failed: Only part of a ReadProcessMemory or WriteProcessMemory request was completed. (0x12B)
[0913/100410.226:WARNING:pe_image_reader.cc(340)] could not read dos header from C:\WINDOWS\SYSTEM32\dhcpcsvc.DLL
[0913/100410.226:ERROR:process_memory_win.cc(73)] ReadMemory at 0x7ffb55b20000 of 64 bytes failed: Only part of a ReadProcessMemory or WriteProcessMemory request was completed. (0x12B)
[0913/100410.226:WARNING:pe_image_reader.cc(340)] could not read dos header from C:\WINDOWS\System32\NSI.dll
[0913/100410.226:ERROR:process_memory_win.cc(73)] ReadMemory at 0x7ffb55b20000 of 64 bytes failed: Only part of a ReadProcessMemory or WriteProcessMemory request was completed. (0x12B)
[0913/100410.226:WARNING:pe_image_reader.cc(340)] could not read dos header from C:\WINDOWS\System32\NSI.dll
[0913/100410.226:ERROR:process_memory_win.cc(73)] ReadMemory at 0x7ffb50520000 of 64 bytes failed: Only part of a ReadProcessMemory or WriteProcessMemory request was completed. (0x12B)
[0913/100410.226:WARNING:pe_image_reader.cc(340)] could not read dos header from C:\WINDOWS\SYSTEM32\WINMMBASE.dll
[0913/100410.226:ERROR:process_memory_win.cc(73)] ReadMemory at 0x7ffb50520000 of 64 bytes failed: Only part of a ReadProcessMemory or WriteProcessMemory request was completed. (0x12B)
[0913/100410.226:WARNING:pe_image_reader.cc(340)] could not read dos header from C:\WINDOWS\SYSTEM32\WINMMBASE.dll
[0913/100410.226:ERROR:process_memory_win.cc(73)] ReadMemory at 0x7ffb547e0000 of 64 bytes failed: Only part of a ReadProcessMemory or WriteProcessMemory request was completed. (0x12B)
[0913/100410.226:WARNING:pe_image_reader.cc(340)] could not read dos header from C:\WINDOWS\System32\cfgmgr32.dll
[0913/100410.226:ERROR:process_memory_win.cc(73)] ReadMemory at 0x7ffb547e0000 of 64 bytes failed: Only part of a ReadProcessMemory or WriteProcessMemory request was completed. (0x12B)
[0913/100410.226:WARNING:pe_image_reader.cc(340)] could not read dos header from C:\WINDOWS\System32\cfgmgr32.dll
[0913/100410.226:ERROR:process_memory_win.cc(73)] ReadMemory at 0x7ffb50d70000 of 64 bytes failed: Only part of a ReadProcessMemory or WriteProcessMemory request was completed. (0x12B)
[0913/100410.226:WARNING:pe_image_reader.cc(340)] could not read dos header from C:\WINDOWS\SYSTEM32\PROPSYS.dll
[0913/100410.226:ERROR:process_memory_win.cc(73)] ReadMemory at 0x7ffb50d70000 of 64 bytes failed: Only part of a ReadProcessMemory or WriteProcessMemory request was completed. (0x12B)
[0913/100410.226:WARNING:pe_image_reader.cc(340)] could not read dos header from C:\WINDOWS\SYSTEM32\PROPSYS.dll
[0913/100410.226:ERROR:process_memory_win.cc(73)] ReadMemory at 0x7ffb56490000 of 64 bytes failed: Only part of a ReadProcessMemory or WriteProcessMemory request was completed. (0x12B)
[0913/100410.226:WARNING:pe_image_reader.cc(340)] could not read dos header from C:\WINDOWS\System32\shcore.dll
[0913/100410.226:ERROR:process_memory_win.cc(73)] ReadMemory at 0x7ffb56490000 of 64 bytes failed: Only part of a ReadProcessMemory or WriteProcessMemory request was completed. (0x12B)
[0913/100410.226:WARNING:pe_image_reader.cc(340)] could not read dos header from C:\WINDOWS\System32\shcore.dll
[0913/100410.226:ERROR:process_memory_win.cc(73)] ReadMemory at 0x7ffb530c0000 of 64 bytes failed: Only part of a ReadProcessMemory or WriteProcessMemory request was completed. (0x12B)
[0913/100410.226:WARNING:pe_image_reader.cc(340)] could not read dos header from C:\WINDOWS\SYSTEM32\NTASN1.dll
[0913/100410.226:ERROR:process_memory_win.cc(73)] ReadMemory at 0x7ffb530c0000 of 64 bytes failed: Only part of a ReadProcessMemory or WriteProcessMemory request was completed. (0x12B)
[0913/100410.226:WARNING:pe_image_reader.cc(340)] could not read dos header from C:\WINDOWS\SYSTEM32\NTASN1.dll
[0913/100410.226:ERROR:process_memory_win.cc(73)] ReadMemory at 0x7ffb53520000 of 64 bytes failed: Only part of a ReadProcessMemory or WriteProcessMemory request was completed. (0x12B)
[0913/100410.226:WARNING:pe_image_reader.cc(340)] could not read dos header from C:\WINDOWS\SYSTEM32\SSPICLI.DLL
[0913/100410.226:ERROR:process_memory_win.cc(73)] ReadMemory at 0x7ffb53520000 of 64 bytes failed: Only part of a ReadProcessMemory or WriteProcessMemory request was completed. (0x12B)
[0913/100410.226:WARNING:pe_image_reader.cc(340)] could not read dos header from C:\WINDOWS\SYSTEM32\SSPICLI.DLL
[0913/100410.226:ERROR:process_memory_win.cc(73)] ReadMemory at 0x7ffb53000000 of 64 bytes failed: Only part of a ReadProcessMemory or WriteProcessMemory request was completed. (0x12B)
[0913/100410.226:WARNING:pe_image_reader.cc(340)] could not read dos header from C:\WINDOWS\SYSTEM32\CRYPTBASE.DLL
[0913/100410.226:ERROR:process_memory_win.cc(73)] ReadMemory at 0x7ffb53000000 of 64 bytes failed: Only part of a ReadProcessMemory or WriteProcessMemory request was completed. (0x12B)
[0913/100410.226:WARNING:pe_image_reader.cc(340)] could not read dos header from C:\WINDOWS\SYSTEM32\CRYPTBASE.DLL
[0913/100410.226:ERROR:process_memory_win.cc(73)] ReadMemory at 0x7ffb552a0000 of 64 bytes failed: Only part of a ReadProcessMemory or WriteProcessMemory request was completed. (0x12B)
[0913/100410.226:WARNING:pe_image_reader.cc(340)] could not read dos header from C:\WINDOWS\System32\GDI32.dll
[0913/100410.226:ERROR:process_memory_win.cc(73)] ReadMemory at 0x7ffb552a0000 of 64 bytes failed: Only part of a ReadProcessMemory or WriteProcessMemory request was completed. (0x12B)
[0913/100410.226:WARNING:pe_image_reader.cc(340)] could not read dos header from C:\WINDOWS\System32\GDI32.dll
[0913/100410.226:ERROR:process_memory_win.cc(73)] ReadMemory at 0x7ffb54390000 of 64 bytes failed: Only part of a ReadProcessMemory or WriteProcessMemory request was completed. (0x12B)
[0913/100410.226:WARNING:pe_image_reader.cc(340)] could not read dos header from C:\WINDOWS\System32\win32u.dll
[0913/100410.226:ERROR:process_memory_win.cc(73)] ReadMemory at 0x7ffb54390000 of 64 bytes failed: Only part of a ReadProcessMemory or WriteProcessMemory request was completed. (0x12B)
[0913/100410.226:WARNING:pe_image_reader.cc(340)] could not read dos header from C:\WINDOWS\System32\win32u.dll
[0913/100410.226:ERROR:process_memory_win.cc(73)] ReadMemory at 0x7ffb54510000 of 64 bytes failed: Only part of a ReadProcessMemory or WriteProcessMemory request was completed. (0x12B)
[0913/100410.226:WARNING:pe_image_reader.cc(340)] could not read dos header from C:\WINDOWS\System32\gdi32full.dll
[0913/100410.226:ERROR:process_memory_win.cc(73)] ReadMemory at 0x7ffb54510000 of 64 bytes failed: Only part of a ReadProcessMemory or WriteProcessMemory request was completed. (0x12B)
[0913/100410.226:WARNING:pe_image_reader.cc(340)] could not read dos header from C:\WINDOWS\System32\gdi32full.dll
[0913/100410.226:ERROR:process_memory_win.cc(73)] ReadMemory at 0x2f549500000 of 64 bytes failed: Only part of a ReadProcessMemory or WriteProcessMemory request was completed. (0x12B)
[0913/100410.226:WARNING:pe_image_reader.cc(340)] could not read dos header from C:\WINDOWS\System32\USER32.dll
[0913/100410.226:ERROR:process_memory_win.cc(73)] ReadMemory at 0x2f549500000 of 64 bytes failed: Only part of a ReadProcessMemory or WriteProcessMemory request was completed. (0x12B)
[0913/100410.226:WARNING:pe_image_reader.cc(340)] could not read dos header from C:\WINDOWS\System32\USER32.dll
[0913/100410.226:ERROR:process_memory_win.cc(73)] ReadMemory at 0x7ffb548b0000 of 64 bytes failed: Only part of a ReadProcessMemory or WriteProcessMemory request was completed. (0x12B)
[0913/100410.226:WARNING:pe_image_reader.cc(340)] could not read dos header from C:\WINDOWS\System32\IMM32.DLL
[0913/100410.226:ERROR:process_memory_win.cc(73)] ReadMemory at 0x7ffb548b0000 of 64 bytes failed: Only part of a ReadProcessMemory or WriteProcessMemory request was completed. (0x12B)
[0913/100410.226:WARNING:pe_image_reader.cc(340)] could not read dos header from C:\WINDOWS\System32\IMM32.DLL
[0913/100410.226:ERROR:process_memory_win.cc(73)] ReadMemory at 0x7ffafeb50000 of 64 bytes failed: Only part of a ReadProcessMemory or WriteProcessMemory request was completed. (0x12B)
[0913/100410.226:WARNING:pe_image_reader.cc(340)] could not read dos header from C:\Program Files (x86)\Microsoft\Edge\Application\85.0.564.51\mip_core.dll
[0913/100410.226:ERROR:process_memory_win.cc(73)] ReadMemory at 0x7ffafeb50000 of 64 bytes failed: Only part of a ReadProcessMemory or WriteProcessMemory request was completed. (0x12B)
[0913/100410.226:WARNING:pe_image_reader.cc(340)] could not read dos header from C:\Program Files (x86)\Microsoft\Edge\Application\85.0.564.51\mip_core.dll
[0913/100410.226:ERROR:process_memory_win.cc(73)] ReadMemory at 0x7ffb25e60000 of 64 bytes failed: Only part of a ReadProcessMemory or WriteProcessMemory request was completed. (0x12B)
[0913/100410.226:WARNING:pe_image_reader.cc(340)] could not read dos header from C:\WINDOWS\SYSTEM32\MSVCP140.dll
[0913/100410.226:ERROR:process_memory_win.cc(73)] ReadMemory at 0x7ffb25e60000 of 64 bytes failed: Only part of a ReadProcessMemory or WriteProcessMemory request was completed. (0x12B)
[0913/100410.226:WARNING:pe_image_reader.cc(340)] could not read dos header from C:\WINDOWS\SYSTEM32\MSVCP140.dll
[0913/100410.226:ERROR:process_memory_win.cc(73)] ReadMemory at 0x7ffb2e390000 of 64 bytes failed: Only part of a ReadProcessMemory or WriteProcessMemory request was completed. (0x12B)
[0913/100410.226:WARNING:pe_image_reader.cc(340)] could not read dos header from C:\WINDOWS\SYSTEM32\CONCRT140.dll
[0913/100410.226:ERROR:process_memory_win.cc(73)] ReadMemory at 0x7ffb2e390000 of 64 bytes failed: Only part of a ReadProcessMemory or WriteProcessMemory request was completed. (0x12B)
[0913/100410.226:WARNING:pe_image_reader.cc(340)] could not read dos header from C:\WINDOWS\SYSTEM32\CONCRT140.dll
[0913/100410.226:ERROR:process_memory_win.cc(73)] ReadMemory at 0x7ffb40de0000 of 64 bytes failed: Only part of a ReadProcessMemory or WriteProcessMemory request was completed. (0x12B)
[0913/100410.226:WARNING:pe_image_reader.cc(340)] could not read dos header from C:\WINDOWS\SYSTEM32\VCRUNTIME140.dll
[0913/100410.226:ERROR:process_memory_win.cc(73)] ReadMemory at 0x7ffb40de0000 of 64 bytes failed: Only part of a ReadProcessMemory or WriteProcessMemory request was completed. (0x12B)
[0913/100410.226:WARNING:pe_image_reader.cc(340)] could not read dos header from C:\WINDOWS\SYSTEM32\VCRUNTIME140.dll
[0913/100410.226:ERROR:process_memory_win.cc(73)] ReadMemory at 0x7ffafdbf0000 of 64 bytes failed: Only part of a ReadProcessMemory or WriteProcessMemory request was completed. (0x12B)
[0913/100410.226:WARNING:pe_image_reader.cc(340)] could not read dos header from C:\Program Files (x86)\Microsoft\Edge\Application\85.0.564.51\mip_protection_sdk.dll
[0913/100410.226:ERROR:process_memory_win.cc(73)] ReadMemory at 0x7ffafdbf0000 of 64 bytes failed: Only part of a ReadProcessMemory or WriteProcessMemory request was completed. (0x12B)
[0913/100410.226:WARNING:pe_image_reader.cc(340)] could not read dos header from C:\Program Files (x86)\Microsoft\Edge\Application\85.0.564.51\mip_protection_sdk.dll
[0913/100410.311:ERROR:process_memory_win.cc(73)] ReadMemory at 0x7ff73ca10000 of 64 bytes failed: Only part of a ReadProcessMemory or WriteProcessMemory request was completed. (0x12B)
[0913/100410.311:WARNING:pe_image_reader.cc(340)] could not read dos header from C:\Program Files (x86)\Microsoft\Edge\Application\msedge.exe
[0913/100410.311:ERROR:process_memory_win.cc(73)] ReadMemory at 0x7ffb56780000 of 64 bytes failed: Only part of a ReadProcessMemory or WriteProcessMemory request was completed. (0x12B)
[0913/100410.311:WARNING:pe_image_reader.cc(340)] could not read dos header from C:\WINDOWS\SYSTEM32\ntdll.dll
[0913/100410.311:ERROR:process_memory_win.cc(73)] ReadMemory at 0x7ffb55330000 of 64 bytes failed: Only part of a ReadProcessMemory or WriteProcessMemory request was completed. (0x12B)
[0913/100410.311:WARNING:pe_image_reader.cc(340)] could not read dos header from C:\WINDOWS\System32\KERNEL32.DLL
[0913/100410.311:ERROR:process_memory_win.cc(73)] ReadMemory at 0x7ffb53fe0000 of 64 bytes failed: Only part of a ReadProcessMemory or WriteProcessMemory request was completed. (0x12B)
[0913/100410.311:WARNING:pe_image_reader.cc(340)] could not read dos header from C:\WINDOWS\System32\KERNELBASE.dll
[0913/100410.311:ERROR:process_memory_win.cc(73)] ReadMemory at 0x7ffb2b8e0000 of 64 bytes failed: Only part of a ReadProcessMemory or WriteProcessMemory request was completed. (0x12B)
[0913/100410.311:WARNING:pe_image_reader.cc(340)] could not read dos header from C:\Program Files (x86)\Microsoft\Edge\Application\85.0.564.51\msedge_elf.dll
[0913/100410.311:ERROR:process_memory_win.cc(73)] ReadMemory at 0x7ffb54760000 of 64 bytes failed: Only part of a ReadProcessMemory or WriteProcessMemory request was completed. (0x12B)
[0913/100410.311:WARNING:pe_image_reader.cc(340)] could not read dos header from C:\WINDOWS\System32\bcryptPrimitives.dll
[0913/100410.311:ERROR:process_memory_win.cc(73)] ReadMemory at 0x7ffb55a70000 of 64 bytes failed: Only part of a ReadProcessMemory or WriteProcessMemory request was completed. (0x12B)
[0913/100410.311:WARNING:pe_image_reader.cc(340)] could not read dos header from C:\WINDOWS\System32\ADVAPI32.dll
[0913/100410.311:ERROR:process_memory_win.cc(73)] ReadMemory at 0x7ffb55e70000 of 64 bytes failed: Only part of a ReadProcessMemory or WriteProcessMemory request was completed. (0x12B)
[0913/100410.311:WARNING:pe_image_reader.cc(340)] could not read dos header from C:\WINDOWS\System32\msvcrt.dll
[0913/100410.311:ERROR:process_memory_win.cc(73)] ReadMemory at 0x7ffb55f10000 of 64 bytes failed: Only part of a ReadProcessMemory or WriteProcessMemory request was completed. (0x12B)
[0913/100410.311:WARNING:pe_image_reader.cc(340)] could not read dos header from C:\WINDOWS\System32\sechost.dll
[0913/100410.311:ERROR:process_memory_win.cc(73)] ReadMemory at 0x7ffb548f0000 of 64 bytes failed: Only part of a ReadProcessMemory or WriteProcessMemory request was completed. (0x12B)
[0913/100410.311:WARNING:pe_image_reader.cc(340)] could not read dos header from C:\WINDOWS\System32\RPCRT4.dll
[0913/100410.311:ERROR:process_memory_win.cc(73)] ReadMemory at 0x7ffae6cf0000 of 64 bytes failed: Only part of a ReadProcessMemory or WriteProcessMemory request was completed. (0x12B)
[0913/100410.311:WARNING:pe_image_reader.cc(340)] could not read dos header from C:\Program Files (x86)\Microsoft\Edge\Application\85.0.564.51\msedge.dll
[0913/100410.311:ERROR:process_memory_win.cc(73)] ReadMemory at 0x7ffb55fb0000 of 64 bytes failed: Only part of a ReadProcessMemory or WriteProcessMemory request was completed. (0x12B)
[0913/100410.311:WARNING:pe_image_reader.cc(340)] could not read dos header from C:\WINDOWS\System32\WS2_32.dll
[0913/100410.311:ERROR:process_memory_win.cc(73)] ReadMemory at 0x7ffb55770000 of 64 bytes failed: Only part of a ReadProcessMemory or WriteProcessMemory request was completed. (0x12B)
[0913/100410.311:WARNING:pe_image_reader.cc(340)] could not read dos header from C:\WINDOWS\System32\OLEAUT32.dll
[0913/100410.311:ERROR:process_memory_win.cc(73)] ReadMemory at 0x7ffb53e90000 of 64 bytes failed: Only part of a ReadProcessMemory or WriteProcessMemory request was completed. (0x12B)
[0913/100410.311:WARNING:pe_image_reader.cc(340)] could not read dos header from C:\WINDOWS\System32\msvcp_win.dll
[0913/100410.311:ERROR:process_memory_win.cc(73)] ReadMemory at 0x7ffb54290000 of 64 bytes failed: Only part of a ReadProcessMemory or WriteProcessMemory request was completed. (0x12B)
[0913/100410.311:WARNING:pe_image_reader.cc(340)] could not read dos header from C:\WINDOWS\System32\ucrtbase.dll
[0913/100410.311:ERROR:process_memory_win.cc(73)] ReadMemory at 0x7ffb55b30000 of 64 bytes failed: Only part of a ReadProcessMemory or WriteProcessMemory request was completed. (0x12B)
[0913/100410.311:WARNING:pe_image_reader.cc(340)] could not read dos header from C:\WINDOWS\System32\combase.dll
[0913/100410.311:ERROR:process_memory_win.cc(73)] ReadMemory at 0x7ffb53f30000 of 64 bytes failed: Only part of a ReadProcessMemory or WriteProcessMemory request was completed. (0x12B)
[0913/100410.311:WARNING:pe_image_reader.cc(340)] could not read dos header from C:\WINDOWS\System32\WINTRUST.dll
[0913/100410.311:ERROR:process_memory_win.cc(73)] ReadMemory at 0x7ffb536d0000 of 64 bytes failed: Only part of a ReadProcessMemory or WriteProcessMemory request was completed. (0x12B)
[0913/100410.311:WARNING:pe_image_reader.cc(340)] could not read dos header from C:\WINDOWS\System32\MSASN1.dll
[0913/100410.311:ERROR:process_memory_win.cc(73)] ReadMemory at 0x7ffb543c0000 of 64 bytes failed: Only part of a ReadProcessMemory or WriteProcessMemory request was completed. (0x12B)
